# JRE version: Java(TM) SE Runtime Environment 18.9 (11.0.7+8) (build 11.0.7+8-LTS)
# Java VM: Java HotSpot(TM) 64-Bit Server VM 18.9 (11.0.7+8-LTS, mixed mode, tiered, compressed oops, g1 gc, windows-amd64)
Heap:
 garbage-first heap   total 157696K, used 76773K [0x0000000080000000, 0x0000000100000000)
  region size 1024K, 43 young (44032K), 9 survivors (9216K)
 Metaspace       used 86960K, capacity 88880K, committed 88912K, reserved 1128448K
  class space    used 9953K, capacity 10733K, committed 10752K, reserved 1048576K
GC Heap History (10 events):
Event: 144.978 GC heap before
{Heap before GC invocations=28 (full 0):
 garbage-first heap   total 157696K, used 119314K [0x0000000080000000, 0x0000000100000000)
  region size 1024K, 92 young (94208K), 7 survivors (7168K)
 Metaspace       used 75244K, capacity 76836K, committed 77008K, reserved 1118208K
  class space    used 8602K, capacity 9243K, committed 9344K, reserved 1048576K
}
Event: 144.992 GC heap after
{Heap after GC invocations=29 (full 0):
 garbage-first heap   total 157696K, used 32963K [0x0000000080000000, 0x0000000100000000)
  region size 1024K, 6 young (6144K), 6 survivors (6144K)
 Metaspace       used 75244K, capacity 76836K, committed 77008K, reserved 1118208K
  class space    used 8602K, capacity 9243K, committed 9344K, reserved 1048576K
}
Event: 149.042 GC heap before
{Heap before GC invocations=29 (full 0):
 garbage-first heap   total 157696K, used 121027K [0x0000000080000000, 0x0000000100000000)
  region size 1024K, 92 young (94208K), 6 survivors (6144K)
 Metaspace       used 78660K, capacity 80205K, committed 80336K, reserved 1120256K
  class space    used 8976K, capacity 9600K, committed 9600K, reserved 1048576K
}
Event: 149.079 GC heap after
{Heap after GC invocations=30 (full 0):
 garbage-first heap   total 157696K, used 34421K [0x0000000080000000, 0x0000000100000000)
  region size 1024K, 7 young (7168K), 7 survivors (7168K)
 Metaspace       used 78660K, capacity 80205K, committed 80336K, reserved 1120256K
  class space    used 8976K, capacity 9600K, committed 9600K, reserved 1048576K
}
Event: 151.165 GC heap before
{Heap before GC invocations=30 (full 0):
 garbage-first heap   total 157696K, used 121461K [0x0000000080000000, 0x0000000100000000)
  region size 1024K, 92 young (94208K), 7 survivors (7168K)
 Metaspace       used 80344K, capacity 82028K, committed 82128K, reserved 1122304K
  class space    used 9159K, capacity 9820K, committed 9856K, reserved 1048576K
}
Event: 151.184 GC heap after
{Heap after GC invocations=31 (full 0):
 garbage-first heap   total 157696K, used 37909K [0x0000000080000000, 0x0000000100000000)
  region size 1024K, 10 young (10240K), 10 survivors (10240K)
 Metaspace       used 80344K, capacity 82028K, committed 82128K, reserved 1122304K
  class space    used 9159K, capacity 9820K, committed 9856K, reserved 1048576K
}
Event: 152.961 GC heap before
{Heap before GC invocations=31 (full 0):
 garbage-first heap   total 157696K, used 121877K [0x0000000080000000, 0x0000000100000000)
  region size 1024K, 92 young (94208K), 10 survivors (10240K)
 Metaspace       used 82466K, capacity 84192K, committed 84432K, reserved 1124352K
  class space    used 9413K, capacity 10112K, committed 10112K, reserved 1048576K
}
Event: 153.034 GC heap after
{Heap after GC invocations=32 (full 0):
 garbage-first heap   total 157696K, used 40687K [0x0000000080000000, 0x0000000100000000)
  region size 1024K, 9 young (9216K), 9 survivors (9216K)
 Metaspace       used 82466K, capacity 84192K, committed 84432K, reserved 1124352K
  class space    used 9413K, capacity 10112K, committed 10112K, reserved 1048576K
}
Event: 154.928 GC heap before
{Heap before GC invocations=32 (full 0):
 garbage-first heap   total 157696K, used 125679K [0x0000000080000000, 0x0000000100000000)
  region size 1024K, 92 young (94208K), 9 survivors (9216K)
 Metaspace       used 85248K, capacity 87103K, committed 87248K, reserved 1126400K
  class space    used 9744K, capacity 10505K, committed 10624K, reserved 1048576K
}
Event: 154.952 GC heap after
{Heap after GC invocations=33 (full 0):
 garbage-first heap   total 157696K, used 42981K [0x0000000080000000, 0x0000000100000000)
  region size 1024K, 9 young (9216K), 9 survivors (9216K)
 Metaspace       used 85248K, capacity 87103K, committed 87248K, reserved 1126400K
  class space    used 9744K, capacity 10505K, committed 10624K, reserved 1048576K
}

